<?xml version="1.0" encoding="UTF-8"?>
<!-- Generated by org.testng.reporters.JUnitReportReporter -->
<testsuite skipped="0" hostname="ckpaliwal" name="pkg.ApiTest1" tests="1" failures="0" timestamp="20 Nov 2019 12:33:43 GMT" time="2.554" errors="0">
  <testcase name="FirstApiTest" time="2.554" classname="pkg.ApiTest1"/>
</testsuite> <!-- pkg.ApiTest1 -->
