<?xml version="1.0" encoding="UTF-8"?>
<!-- Generated by org.testng.reporters.JUnitReportReporter -->
<testsuite skipped="0" hostname="ckpaliwal" name="pkg.Class1" tests="1" failures="0" timestamp="20 Nov 2019 05:01:33 GMT" time="15.233" errors="0">
  <testcase name="tata" time="15.233" classname="pkg.Class1"/>
</testsuite> <!-- pkg.Class1 -->
